Start testing: Jun 13 09:47 SE Asia Standard Time
----------------------------------------------------------
1/1 Testing: run_tests
1/1 Test: run_tests
Command: "D:/Edu/OS/extends/TimeoutStrategy/build/run_tests.exe"
Directory: D:/Edu/OS/extends/TimeoutStrategy/build
"run_tests" start time: Jun 13 09:47 SE Asia Standard Time
Output:
----------------------------------------------------------
testParser
testDetector
testTimeoutKill
testTimeoutRetryEscalation
testTimeoutRollback
testEngineThroughputBounded
testEngineRollback

61 checks, 0 failures
<end of output>
Test time =   0.03 sec
----------------------------------------------------------
Test Passed.
"run_tests" end time: Jun 13 09:47 SE Asia Standard Time
"run_tests" time elapsed: 00:00:00
----------------------------------------------------------

End testing: Jun 13 09:47 SE Asia Standard Time
